[botcashaviator.com.br/index.html]
[backblue.gif]
[fade.gif]
[index.html]
[botcashaviator.com.br/feed/index.html]
[botcashaviator.com.br/comments/feed/index.html]
[botcashaviator.com.br/wp-includes/js/jquery/jquery.min3088.js]
[botcashaviator.com.br/wp-includes/js/jquery/jquery-migrate.min5589.js]
[botcashaviator.com.br/wp-content/plugins/pixelyoursite/dist/scripts/jquery.bind-first-0.2.3.minf801.js]
[botcashaviator.com.br/wp-content/plugins/pixelyoursite/dist/scripts/js.cookie-2.1.3.min4c71.js]
[botcashaviator.com.br/wp-content/plugins/pixelyoursite/dist/scripts/publicd935.js]
[botcashaviator.com.br/wp-content/plugins/elementor/assets/lib/font-awesome/js/v4-shims.mine56c.js]
[botcashaviator.com.br/wp-json/index.html]
[botcashaviator.com.br/wp-json/wp/v2/pages/13.json]
[botcashaviator.com.br/xmlrpc0db0.php]
[botcashaviator.com.br/wp-json/oembed/1.0/embed77db.json]
[botcashaviator.com.br/wp-json/oembed/1.0/embedd553]
[botcashaviator.com.br/wp-content/uploads/2023/02/logo-png.png]
[botcashaviator.com.br/wp-content/themes/hello-elementor/assets/js/hello-frontend.min8a54.js]
[botcashaviator.com.br/wp-content/plugins/happy-elementor-addons/assets/js/happy-addons.min688f.js]
[botcashaviator.com.br/wp-content/plugins/elementor-pro/assets/js/webpack-pro.runtime.min822f.js]
[botcashaviator.com.br/wp-content/plugins/elementor/assets/js/webpack.runtime.mine56c.js]
[botcashaviator.com.br/wp-content/plugins/elementor/assets/js/frontend-modules.mine56c.js]
[botcashaviator.com.br/wp-includes/js/dist/vendor/wp-polyfill-inert.min0226.js]
[botcashaviator.com.br/wp-includes/js/dist/vendor/regenerator-runtime.min8fa4.js]
[botcashaviator.com.br/wp-includes/js/dist/vendor/wp-polyfill.min2c7c.js]
[botcashaviator.com.br/wp-includes/js/dist/hooks.min2ebd.js]
[botcashaviator.com.br/wp-includes/js/dist/i18n.minf92f.js]
[botcashaviator.com.br/wp-content/plugins/elementor-pro/assets/js/frontend.min822f.js]
[botcashaviator.com.br/wp-content/plugins/elementor/assets/lib/waypoints/waypoints.min05da.js]
[botcashaviator.com.br/wp-includes/js/jquery/ui/core.min3f14.js]
[botcashaviator.com.br/wp-content/plugins/elementor/assets/js/frontend.mine56c.js]
[botcashaviator.com.br/wp-content/plugins/elementor-pro/assets/js/elements-handlers.min822f.js]
[botcashaviator.com.br/index.html]
[botcashaviator.com.br/wp-includes/css/dist/block-library/style.minf801.css]
[botcashaviator.com.br/wp-content/themes/hello-elementor/style.minc141.css]
[botcashaviator.com.br/wp-content/themes/hello-elementor/theme.minc141.css]
[botcashaviator.com.br/wp-content/plugins/elementor/assets/css/frontend-lite.mine56c.css]
[botcashaviator.com.br/wp-content/uploads/elementor/css/post-6c5b7.css]
[botcashaviator.com.br/wp-content/plugins/elementor/assets/lib/eicons/fonts/eiconsd6bb.eot]
[botcashaviator.com.br/wp-content/plugins/elementor/assets/lib/eicons/fonts/eiconsd6bb.woff2]
[botcashaviator.com.br/wp-content/plugins/elementor/assets/lib/eicons/fonts/eiconsd6bb.woff]
[botcashaviator.com.br/wp-content/plugins/elementor/assets/lib/eicons/fonts/eiconsd6bb.ttf]
[botcashaviator.com.br/wp-content/plugins/elementor/assets/lib/eicons/css/elementor-icons.min3b94.css]
[botcashaviator.com.br/wp-content/plugins/elementor/assets/lib/swiper/v8/css/swiper.min94a4.css]
[botcashaviator.com.br/wp-content/plugins/elementor-pro/assets/css/frontend-lite.min822f.css]
[botcashaviator.com.br/wp-content/plugins/elementor/assets/lib/font-awesome/webfonts/fa-brands-400.eot]
[botcashaviator.com.br/wp-content/plugins/elementor/assets/lib/font-awesome/webfonts/fa-brands-400d41d.eot]
[botcashaviator.com.br/wp-content/plugins/elementor/assets/lib/font-awesome/webfonts/fa-brands-400.woff2]
[botcashaviator.com.br/wp-content/plugins/elementor/assets/lib/font-awesome/webfonts/fa-brands-400.woff]
[botcashaviator.com.br/wp-content/plugins/elementor/assets/lib/font-awesome/webfonts/fa-brands-400.ttf]
[botcashaviator.com.br/wp-content/plugins/elementor/assets/lib/font-awesome/webfonts/fa-regular-400.eot]
[botcashaviator.com.br/wp-content/plugins/elementor/assets/lib/font-awesome/webfonts/fa-regular-400d41d.eot]
[botcashaviator.com.br/wp-content/plugins/elementor/assets/lib/font-awesome/webfonts/fa-regular-400.woff2]
[botcashaviator.com.br/wp-content/plugins/elementor/assets/lib/font-awesome/webfonts/fa-regular-400.woff]
[botcashaviator.com.br/wp-content/plugins/elementor/assets/lib/font-awesome/webfonts/fa-regular-400.ttf]
[botcashaviator.com.br/wp-content/plugins/elementor/assets/lib/font-awesome/webfonts/fa-solid-900.eot]
[botcashaviator.com.br/wp-content/plugins/elementor/assets/lib/font-awesome/webfonts/fa-solid-900d41d.eot]
[botcashaviator.com.br/wp-content/plugins/elementor/assets/lib/font-awesome/webfonts/fa-solid-900.woff2]
[botcashaviator.com.br/wp-content/plugins/elementor/assets/lib/font-awesome/webfonts/fa-solid-900.woff]
[botcashaviator.com.br/wp-content/plugins/elementor/assets/lib/font-awesome/webfonts/fa-solid-900.ttf]
[botcashaviator.com.br/wp-content/plugins/elementor/assets/lib/font-awesome/css/all.mine56c.css]
[botcashaviator.com.br/wp-content/plugins/elementor/assets/lib/font-awesome/css/v4-shims.mine56c.css]
[botcashaviator.com.br/wp-content/uploads/elementor/css/globalafae.css]
[botcashaviator.com.br/wp-content/uploads/2023/02/SECOES-JPEG_01.jpg]
[botcashaviator.com.br/wp-content/uploads/2023/02/SECOES-JPEG_02.jpg]
[botcashaviator.com.br/wp-content/uploads/2023/02/SECOES-JPEG_03.jpg]
[botcashaviator.com.br/wp-content/uploads/2023/02/SECOES-JPEG_04.jpg]
[botcashaviator.com.br/wp-content/uploads/2023/02/SECOES-JPEG_05.jpg]
[botcashaviator.com.br/wp-content/uploads/2023/02/JPEGSECOES_06.jpg]
[botcashaviator.com.br/wp-content/uploads/2023/02/SECOES-MOBILE-V1_01.jpg]
[botcashaviator.com.br/wp-content/uploads/2023/02/SECOES-MOBILE-V1_02.jpg]
[botcashaviator.com.br/wp-content/uploads/2023/02/SECOES-MOBILE-V1_04.jpg]
[botcashaviator.com.br/wp-content/uploads/2023/02/SECOES-MOBILE-V1_05.jpg]
[botcashaviator.com.br/wp-content/uploads/2023/02/FONTSPRINGDEMO-ResolveSansRegular.woff]
[botcashaviator.com.br/wp-content/uploads/2023/02/FONTSPRINGDEMO-ResolveSansBoldRegular.woff]
[botcashaviator.com.br/wp-content/uploads/2023/02/FONTSPRINGDEMO-ResolveSansBlackRegular.woff]
[botcashaviator.com.br/wp-content/uploads/elementor/css/post-1332b0.css]
[botcashaviator.com.br/wp-content/plugins/happy-elementor-addons/assets/fonts/happy-icons.woff2]
[botcashaviator.com.br/wp-content/plugins/happy-elementor-addons/assets/fonts/happy-icons.woff]
[botcashaviator.com.br/wp-content/plugins/happy-elementor-addons/assets/fonts/style.min688f.css]
[botcashaviator.com.br/wp-content/plugins/elementor/assets/lib/font-awesome/fonts/fontawesome-webfont3e6e.eot]
[botcashaviator.com.br/wp-content/plugins/elementor/assets/lib/font-awesome/fonts/fontawesome-webfontd41d.eot]
[botcashaviator.com.br/wp-content/plugins/elementor/assets/lib/font-awesome/fonts/fontawesome-webfont3e6e.woff2]
[botcashaviator.com.br/wp-content/plugins/elementor/assets/lib/font-awesome/fonts/fontawesome-webfont3e6e.woff]
[botcashaviator.com.br/wp-content/plugins/elementor/assets/lib/font-awesome/fonts/fontawesome-webfont3e6e.ttf]
[botcashaviator.com.br/wp-content/plugins/elementor/assets/lib/font-awesome/css/font-awesome.min1849.css]
[botcashaviator.com.br/wp-content/plugins/elementor/assets/lib/font-awesome/css/fontawesome.min52d5.css]
[botcashaviator.com.br/wp-content/plugins/elementor/assets/lib/font-awesome/css/solid.min52d5.css]
[botcashaviator.com.br/wp-content/plugins/elementor/assets/css/widget-icon-list.min.css]
[botcashaviator.com.br/wp-content/plugins/elementor/assets/lib/animations/animations.mine56c.css]
[botcashaviator.com.br/wp-content/plugins/elementor/assets/lib/eicons/fonts/eiconsd6bb.svg]
[botcashaviator.com.br/wp-content/plugins/elementor/assets/lib/font-awesome/webfonts/fa-brands-400.svg]
[botcashaviator.com.br/wp-content/plugins/elementor/assets/lib/font-awesome/webfonts/fa-regular-400.svg]
[botcashaviator.com.br/wp-content/plugins/elementor/assets/lib/font-awesome/webfonts/fa-solid-900.svg]
[botcashaviator.com.br/wp-content/plugins/happy-elementor-addons/assets/fonts/happy-icons.svg]
[botcashaviator.com.br/wp-content/plugins/elementor/assets/lib/font-awesome/fonts/fontawesome-webfont3e6e.svg]
